==31056== Memcheck, a memory error detector
==31056== Copyright (C) 2002-2011, and GNU GPL'd, by Julian Seward et al.
==31056== Using Valgrind-3.7.0 and LibVEX; rerun with -h for copyright info
==31056== Command: ./main
==31056== Parent PID: 6832
==31056== 
--31056-- 
--31056-- Valgrind options:
--31056--    --suppressions=/usr/lib/valgrind/debian-libc6-dbg.supp
--31056--    -v
--31056--    --leak-check=full
--31056--    --show-reachable=yes
--31056--    --log-file=valgrind.log
--31056-- Contents of /proc/version:
--31056--   Linux version 3.2.0-38-generic (buildd@akateko) (gcc version 4.6.3 (Ubuntu/Linaro 4.6.3-1ubuntu5) ) #61-Ubuntu SMP Tue Feb 19 12:18:21 UTC 2013
--31056-- Arch and hwcaps: AMD64, amd64-sse3-cx16
--31056-- Page sizes: currently 4096, max supported 4096
--31056-- Valgrind library directory: /usr/lib/valgrind
--31056-- Reading syms from /home/yyang/research/code/btree/cpp/main (0x400000)
--31056-- Reading syms from /lib/x86_64-linux-gnu/ld-2.15.so (0x4000000)
--31056--   Considering /lib/x86_64-linux-gnu/ld-2.15.so ..
--31056--   .. CRC mismatch (computed 5dfd6448 wanted 0e0290cc)
--31056--   Considering /usr/lib/debug/lib/x86_64-linux-gnu/ld-2.15.so ..
--31056--   .. CRC is valid
--31056-- Reading syms from /usr/lib/valgrind/memcheck-amd64-linux (0x38000000)
--31056--   Considering /usr/lib/valgrind/memcheck-amd64-linux ..
--31056--   .. CRC mismatch (computed fd32bc40 wanted 1b1bde8c)
--31056--    object doesn't have a symbol table
--31056--    object doesn't have a dynamic symbol table
--31056-- Reading suppressions file: /usr/lib/valgrind/debian-libc6-dbg.supp
--31056-- Reading suppressions file: /usr/lib/valgrind/default.supp
==31056== embedded gdbserver: reading from /tmp/vgdb-pipe-from-vgdb-to-31056-by-yyang-on-???
==31056== embedded gdbserver: writing to   /tmp/vgdb-pipe-to-vgdb-from-31056-by-yyang-on-???
==31056== embedded gdbserver: shared mem   /tmp/vgdb-pipe-shared-mem-vgdb-31056-by-yyang-on-???
==31056== 
==31056== TO CONTROL THIS PROCESS USING vgdb (which you probably
==31056== don't want to do, unless you know exactly what you're doing,
==31056== or are doing some strange experiment):
==31056==   /usr/lib/valgrind/../../bin/vgdb --pid=31056 ...command...
==31056== 
==31056== TO DEBUG THIS PROCESS USING GDB: start GDB like this
==31056==   /path/to/gdb ./main
==31056== and then give GDB the following command
==31056==   target remote | /usr/lib/valgrind/../../bin/vgdb --pid=31056
==31056== --pid is optional if only one valgrind process is running
==31056== 
--31056-- REDIR: 0x40189e0 (strlen) redirected to 0x380625c7 (???)
--31056-- Reading syms from /usr/lib/valgrind/vgpreload_core-amd64-linux.so (0x4a25000)
--31056--   Considering /usr/lib/valgrind/vgpreload_core-amd64-linux.so ..
--31056--   .. CRC mismatch (computed 8f05ac98 wanted c6d0ab1a)
--31056--    object doesn't have a symbol table
--31056-- Reading syms from /usr/lib/valgrind/vgpreload_memcheck-amd64-linux.so (0x4c27000)
--31056--   Considering /usr/lib/valgrind/vgpreload_memcheck-amd64-linux.so ..
--31056--   .. CRC mismatch (computed fc059af4 wanted ffc668e8)
--31056--    object doesn't have a symbol table
--31056-- REDIR: 0x4018850 (index) redirected to 0x4c2bc60 (index)
--31056-- REDIR: 0x40188d0 (strcmp) redirected to 0x4c2cc20 (strcmp)
--31056-- Reading syms from /usr/lib/x86_64-linux-gnu/libstdc++.so.6.0.16 (0x4e32000)
--31056--   Considering /usr/lib/x86_64-linux-gnu/libstdc++.so.6.0.16 ..
--31056--   .. CRC mismatch (computed ef748751 wanted e44c0328)
--31056--    object doesn't have a symbol table
--31056-- Reading syms from /lib/x86_64-linux-gnu/libgcc_s.so.1 (0x5132000)
--31056--   Considering /lib/x86_64-linux-gnu/libgcc_s.so.1 ..
--31056--   .. CRC mismatch (computed c8e4b229 wanted 098e39f6)
--31056--    object doesn't have a symbol table
--31056-- Reading syms from /lib/x86_64-linux-gnu/libc-2.15.so (0x5348000)
--31056--   Considering /lib/x86_64-linux-gnu/libc-2.15.so ..
--31056--   .. CRC mismatch (computed 0d30c072 wanted 25577e9f)
--31056--   Considering /usr/lib/debug/lib/x86_64-linux-gnu/libc-2.15.so ..
--31056--   .. CRC is valid
--31056-- Reading syms from /lib/x86_64-linux-gnu/libm-2.15.so (0x5707000)
--31056--   Considering /lib/x86_64-linux-gnu/libm-2.15.so ..
--31056--   .. CRC mismatch (computed e81d4037 wanted fad28d48)
--31056--   Considering /usr/lib/debug/lib/x86_64-linux-gnu/libm-2.15.so ..
--31056--   .. CRC is valid
--31056-- REDIR: 0x53d4b70 (strcasecmp) redirected to 0x4a25610 (_vgnU_ifunc_wrapper)
--31056-- REDIR: 0x53d0f10 (strnlen) redirected to 0x4a25610 (_vgnU_ifunc_wrapper)
--31056-- REDIR: 0x53d6e40 (strncasecmp) redirected to 0x4a25610 (_vgnU_ifunc_wrapper)
--31056-- REDIR: 0x53d2900 (__GI_strrchr) redirected to 0x4c2ba80 (__GI_strrchr)
--31056-- REDIR: 0x53d0de0 (strlen) redirected to 0x4a25610 (_vgnU_ifunc_wrapper)
--31056-- REDIR: 0x54ab230 (__strlen_sse2_pminub) redirected to 0x4c2bfa0 (strlen)
--31056-- REDIR: 0x53d0e30 (__GI_strlen) redirected to 0x4c2bfc0 (__GI_strlen)
--31056-- REDIR: 0x53cf2f0 (strcmp) redirected to 0x4a25610 (_vgnU_ifunc_wrapper)
--31056-- REDIR: 0x547a470 (__strcmp_sse42) redirected to 0x4c2cb60 (strcmp)
--31056-- REDIR: 0x4ee7dd0 (operator new(unsigned long)) redirected to 0x4c2b160 (operator new(unsigned long))
--31056-- REDIR: 0x4ee7f00 (operator new[](unsigned long)) redirected to 0x4c2abc0 (operator new[](unsigned long))
--31056-- REDIR: 0x53d9520 (memcpy@@GLIBC_2.14) redirected to 0x4a25610 (_vgnU_ifunc_wrapper)
--31056-- REDIR: 0x54905f0 (__memcpy_ssse3_back) redirected to 0x4c2cf30 (memcpy@@GLIBC_2.14)
--31056-- REDIR: 0x53d3330 (bcmp) redirected to 0x4a25610 (_vgnU_ifunc_wrapper)
--31056-- REDIR: 0x54a5b60 (__memcmp_sse4_1) redirected to 0x4c2dca0 (bcmp)
--31056-- REDIR: 0x4ee6190 (operator delete[](void*)) redirected to 0x4c2a030 (operator delete[](void*))
--31056-- REDIR: 0x4ee6150 (operator delete(void*)) redirected to 0x4c2a450 (operator delete(void*))
--31056-- REDIR: 0x53d0780 (strcpy) redirected to 0x4a25610 (_vgnU_ifunc_wrapper)
--31056-- REDIR: 0x53ded10 (__strcpy_sse2_unaligned) redirected to 0x4c2bfe0 (strcpy)
--31056-- REDIR: 0x53cac20 (malloc) redirected to 0x4c2b660 (malloc)
--31056-- REDIR: 0x53cb230 (free) redirected to 0x4c2a7c0 (free)
==31056== 
==31056== HEAP SUMMARY:
==31056==     in use at exit: 0 bytes in 0 blocks
==31056==   total heap usage: 31,495,629 allocs, 31,495,629 frees, 1,049,856,956 bytes allocated
==31056== 
==31056== All heap blocks were freed -- no leaks are possible
==31056== 
==31056== ERROR SUMMARY: 0 errors from 0 contexts (suppressed: 2 from 2)
--31056-- 
--31056-- used_suppression:      2 dl-hack3-cond-1
==31056== 
==31056== ERROR SUMMARY: 0 errors from 0 contexts (suppressed: 2 from 2)
